<?xml version="1.0" encoding="UTF-8" standalone="no"?>
<testsuite errors="0" failures="2" name="io.cucumber.core.plugin.JUnitFormatter" skipped="0" tests="11" time="169.593">
    <testcase classname="Validate User - Enter IETM" name="Contents verification" time="13.724">
        <system-out><![CDATA[Given user opens the "Chrome" browser.......................................passed
When user enters the url as "http://ietm.codeandpixels.net/#/"..............passed
Then user is to enter username as "*******".................................passed
Then user is to enter password as "*****"...................................passed
Then user is to click the button "SUBMIT"...................................passed
Then user is to click the "Enter IETM"......................................passed
And user is to click General Information module.............................passed
And user is to click the Abbreviations content..............................passed
And user is to click the videos used in this IETM content...................passed
And user is to click the Terms and Definitions content......................passed
]]></system-out>
    </testcase>
    <testcase classname="Validate User - Enter IETM" name="Next &amp; Previous and Related content buttons verification" time="11.01">
        <system-out><![CDATA[Given user opens the "Chrome" browser.......................................passed
When user enters the url as "http://ietm.codeandpixels.net/#/"..............passed
Then user is to enter username as "*******".................................passed
Then user is to enter password as "*****"...................................passed
Then user is to click the button "SUBMIT"...................................passed
Then user is to click the "Enter IETM"......................................passed
And user is to click General Information module.............................passed
And user is to click the Next button........................................passed
And user is to click the Previous button....................................passed
And user is to click the Related Content button.............................passed
And user is to click the Demo in Related content dropdown...................passed
]]></system-out>
    </testcase>
    <testcase classname="Validate User - Enter IETM" name="Search TextBox verification" time="11.096">
        <system-out><![CDATA[Given user opens the "Chrome" browser.......................................passed
When user enters the url as "http://ietm.codeandpixels.net/#/"..............passed
Then user is to enter username as "*******".................................passed
Then user is to enter password as "*****"...................................passed
Then user is to click the button "SUBMIT"...................................passed
Then user is to click the "Enter IETM"......................................passed
And user is to click General Information module.............................passed
And user is to click the Search Textbox.....................................passed
And user is to clear the Search Textbox.....................................passed
And user is to enter the Search Textbox.....................................passed
And user is to verify the related text......................................passed
]]></system-out>
    </testcase>
    <testcase classname="Validate User - Enter IETM" name="Feedback to Administrator and Notes action verification" time="12.707">
        <system-out><![CDATA[Given user opens the "Chrome" browser.......................................passed
When user enters the url as "http://ietm.codeandpixels.net/#/"..............passed
Then user is to enter username as "*******".................................passed
Then user is to enter password as "*****"...................................passed
Then user is to click the button "SUBMIT"...................................passed
Then user is to click the "Enter IETM"......................................passed
And user is to click General Information module.............................passed
And user is to click the Feedback to Administrator action...................passed
And user is to close the Feedback to Administrator action...................passed
And user is to click the Notes action.......................................passed
And user is to close the Notes action.......................................passed
]]></system-out>
    </testcase>
    <testcase classname="Validate User - Enter IETM" name="Zoom dropdown action verification" time="15.234">
        <system-out><![CDATA[Given user opens the "Chrome" browser.......................................passed
When user enters the url as "http://ietm.codeandpixels.net/#/"..............passed
Then user is to enter username as "*******".................................passed
Then user is to enter password as "*****"...................................passed
Then user is to click the button "SUBMIT"...................................passed
Then user is to click the "Enter IETM"......................................passed
And user is to click General Information module.............................passed
And user is to click the Zoom dropdown action...............................passed
And user is to click the Increase...........................................passed
And user is to click the Decrease...........................................passed
And user is to click the Slider.............................................passed
And user is to click the Reset..............................................passed
]]></system-out>
    </testcase>
    <testcase classname="Validate User - Enter IETM" name="All actions verification" time="13.758">
        <failure message="element click intercepted: Element &lt;i _ngcontent-sgo-c72=&quot;&quot; class=&quot;lni lni-search&quot;&gt;&lt;/i&gt; is not clickable at point (1280, 68). Other element would receive the click: &lt;modal-container role=&quot;dialog&quot; tabindex=&quot;-1&quot; class=&quot;modal fade show&quot; style=&quot;display: block;&quot; aria-modal=&quot;true&quot;&gt;...&lt;/modal-container&gt;&#10;  (Session info: chrome=112.0.5615.138)&#10;Build info: version: '4.8.3', revision: 'b19b418e60'&#10;System info: os.name: 'Windows 10', os.arch: 'amd64', os.version: '10.0', java.version: '17.0.1'&#10;Driver info: org.openqa.selenium.chrome.ChromeDriver&#10;Command: [8df477d15273cc248cef119d575c130b, clickElement {id=1c72b39c-9577-4671-b415-e47315029ab5}]&#10;Capabilities {acceptInsecureCerts: false, browserName: chrome, browserVersion: 112.0.5615.138, chrome: {chromedriverVersion: 112.0.5615.49 (bd2a7bcb881c..., userDataDir: C:\Users\vishn\AppData\Loca...}, goog:chromeOptions: {debuggerAddress: localhost:52721}, networkConnectionEnabled: false, pageLoadStrategy: normal, platformName: WINDOWS, proxy: Proxy(), se:cdp: ws://localhost:52721/devtoo..., se:cdpVersion: 112.0.5615.138, setWindowRect: true, strictFileInteractability: false, timeouts: {implicit: 0, pageLoad: 300000, script: 30000}, unhandledPromptBehavior: dismiss and notify, webauthn:extension:credBlob: true, webauthn:extension:largeBlob: true, webauthn:extension:minPinLength: true, webauthn:extension:prf: true, webauthn:virtualAuthenticators: true}&#10;Element: [[ChromeDriver: chrome on WINDOWS (8df477d15273cc248cef119d575c130b)] -&gt; xpath: //i[@class='lni lni-search']]&#10;Session ID: 8df477d15273cc248cef119d575c130b" type="org.openqa.selenium.ElementClickInterceptedException"><![CDATA[Given user opens the "Chrome" browser.......................................passed
When user enters the url as "http://ietm.codeandpixels.net/#/"..............passed
Then user is to enter username as "*******".................................passed
Then user is to enter password as "*****"...................................passed
Then user is to click the button "SUBMIT"...................................passed
Then user is to click the "Enter IETM"......................................passed
And user is to click General Information module.............................passed
And user is to click the FullScreen action..................................passed
And user is to click the Escape key in keyboard.............................passed
And user is to click the Bookmark action....................................passed
And user is to close the Bookmark action....................................passed
And user is to click the Search action......................................failed
And user is to click the Back navigation button.............................skipped

StackTrace:
org.openqa.selenium.ElementClickInterceptedException: element click intercepted: Element <i _ngcontent-sgo-c72="" class="lni lni-search"></i> is not clickable at point (1280, 68). Other element would receive the click: <modal-container role="dialog" tabindex="-1" class="modal fade show" style="display: block;" aria-modal="true">...</modal-container>
  (Session info: chrome=112.0.5615.138)
Build info: version: '4.8.3', revision: 'b19b418e60'
System info: os.name: 'Windows 10', os.arch: 'amd64', os.version: '10.0', java.version: '17.0.1'
Driver info: org.openqa.selenium.chrome.ChromeDriver
Command: [8df477d15273cc248cef119d575c130b, clickElement {id=1c72b39c-9577-4671-b415-e47315029ab5}]
Capabilities {acceptInsecureCerts: false, browserName: chrome, browserVersion: 112.0.5615.138, chrome: {chromedriverVersion: 112.0.5615.49 (bd2a7bcb881c..., userDataDir: C:\Users\vishn\AppData\Loca...}, goog:chromeOptions: {debuggerAddress: localhost:52721}, networkConnectionEnabled: false, pageLoadStrategy: normal, platformName: WINDOWS, proxy: Proxy(), se:cdp: ws://localhost:52721/devtoo..., se:cdpVersion: 112.0.5615.138, setWindowRect: true, strictFileInteractability: false, timeouts: {implicit: 0, pageLoad: 300000, script: 30000}, unhandledPromptBehavior: dismiss and notify, webauthn:extension:credBlob: true, webauthn:extension:largeBlob: true, webauthn:extension:minPinLength: true, webauthn:extension:prf: true, webauthn:virtualAuthenticators: true}
Element: [[ChromeDriver: chrome on WINDOWS (8df477d15273cc248cef119d575c130b)] -> xpath: //i[@class='lni lni-search']]
Session ID: 8df477d15273cc248cef119d575c130b
	at java.base/jdk.internal.reflect.NativeConstructorAccessorImpl.newInstance0(Native Method)
	at java.base/jdk.internal.reflect.NativeConstructorAccessorImpl.newInstance(NativeConstructorAccessorImpl.java:77)
	at java.base/jdk.internal.reflect.DelegatingConstructorAccessorImpl.newInstance(DelegatingConstructorAccessorImpl.java:45)
	at java.base/java.lang.reflect.Constructor.newInstanceWithCaller(Constructor.java:499)
	at java.base/java.lang.reflect.Constructor.newInstance(Constructor.java:480)
	at org.openqa.selenium.remote.codec.w3c.W3CHttpResponseCodec.createException(W3CHttpResponseCodec.java:200)
	at org.openqa.selenium.remote.codec.w3c.W3CHttpResponseCodec.decode(W3CHttpResponseCodec.java:133)
	at org.openqa.selenium.remote.codec.w3c.W3CHttpResponseCodec.decode(W3CHttpResponseCodec.java:53)
	at org.openqa.selenium.remote.HttpCommandExecutor.execute(HttpCommandExecutor.java:193)
	at org.openqa.selenium.remote.service.DriverCommandExecutor.invokeExecute(DriverCommandExecutor.java:183)
	at org.openqa.selenium.remote.service.DriverCommandExecutor.execute(DriverCommandExecutor.java:158)
	at org.openqa.selenium.remote.RemoteWebDriver.execute(RemoteWebDriver.java:543)
	at org.openqa.selenium.remote.RemoteWebElement.execute(RemoteWebElement.java:257)
	at org.openqa.selenium.remote.RemoteWebElement.click(RemoteWebElement.java:78)
	at jdk.internal.reflect.GeneratedMethodAccessor86.invoke(Unknown Source)
	at java.base/jdk.internal.reflect.DelegatingMethodAccessorImpl.invoke(DelegatingMethodAccessorImpl.java:43)
	at java.base/java.lang.reflect.Method.invoke(Method.java:568)
	at org.openqa.selenium.support.pagefactory.internal.LocatingElementHandler.invoke(LocatingElementHandler.java:52)
	at jdk.proxy2/jdk.proxy2.$Proxy23.click(Unknown Source)
	at net.user.pages.EIUserPage.clickSearchAction(EIUserPage.java:297)
	at net.ei.user.stepdefinitions.EI_User_StepDef.user_is_to_click_the_search_action(EI_User_StepDef.java:224)
	at ✽.user is to click the Search action(file:///C:/Users/vishn/GitHub/IETMUser/src/test/java/net/user/features/EnterIETM.feature:47)
]]></failure>
    </testcase>
    <testcase classname="Validate User - Enter IETM" name="Manuals,Drawings and Glossary buttons verification" time="12.329">
        <system-out><![CDATA[Given user opens the "Chrome" browser.......................................passed
When user enters the url as "http://ietm.codeandpixels.net/#/"..............passed
Then user is to enter username as "*******".................................passed
Then user is to enter password as "*****"...................................passed
Then user is to click the button "SUBMIT"...................................passed
Then user is to click the "Enter IETM"......................................passed
And user is to click General Information module.............................passed
And user is to click the Manuals button.....................................passed
And user is to click the Drawings button....................................passed
And user is to click the Glossary button....................................passed
]]></system-out>
    </testcase>
    <testcase classname="Validate User - Enter IETM" name="Home button &amp; Modules button verification" time="11.396">
        <system-out><![CDATA[Given user opens the "Chrome" browser.......................................passed
When user enters the url as "http://ietm.codeandpixels.net/#/"..............passed
Then user is to enter username as "*******".................................passed
Then user is to enter password as "*****"...................................passed
Then user is to click the button "SUBMIT"...................................passed
Then user is to click the "Enter IETM"......................................passed
And user is to click General Information module.............................passed
And user is to click the Home button of the page............................passed
And user is to click the Enter IETM.........................................passed
And user is to click the Modules button of the page.........................passed
]]></system-out>
    </testcase>
    <testcase classname="Validate User - Enter IETM" name="Forward &amp; Backward navigations verification" time="43.367">
        <failure message="Expected condition failed: waiting for visibility of element located by By.xpath: //a[text()=' ENTER IETM '] (tried for 30 second(s) with 500 milliseconds interval)&#10;Build info: version: '4.8.3', revision: 'b19b418e60'&#10;System info: os.name: 'Windows 10', os.arch: 'amd64', os.version: '10.0', java.version: '17.0.1'&#10;Driver info: org.openqa.selenium.chrome.ChromeDriver&#10;Capabilities {acceptInsecureCerts: false, browserName: chrome, browserVersion: 112.0.5615.138, chrome: {chromedriverVersion: 112.0.5615.49 (bd2a7bcb881c..., userDataDir: C:\Users\vishn\AppData\Loca...}, goog:chromeOptions: {debuggerAddress: localhost:52830}, networkConnectionEnabled: false, pageLoadStrategy: normal, platformName: WINDOWS, proxy: Proxy(), se:cdp: ws://localhost:52830/devtoo..., se:cdpVersion: 112.0.5615.138, setWindowRect: true, strictFileInteractability: false, timeouts: {implicit: 0, pageLoad: 300000, script: 30000}, unhandledPromptBehavior: dismiss and notify, webauthn:extension:credBlob: true, webauthn:extension:largeBlob: true, webauthn:extension:minPinLength: true, webauthn:extension:prf: true, webauthn:virtualAuthenticators: true}&#10;Session ID: fd7f103cd1016aeec5d9244fd984991a" type="org.openqa.selenium.TimeoutException"><![CDATA[Given user opens the "Chrome" browser.......................................passed
When user enters the url as "http://ietm.codeandpixels.net/#/"..............passed
Then user is to enter username as "*******".................................passed
Then user is to enter password as "*****"...................................passed
Then user is to click the button "SUBMIT"...................................passed
Then user is to click the "Enter IETM"......................................passed
And user is to click General Information module.............................passed
And user is to click the Backward navigation button.........................passed
And user is to click the Enter IETM.........................................failed
And user is to click the Forward navigation button..........................skipped

StackTrace:
org.openqa.selenium.TimeoutException: Expected condition failed: waiting for visibility of element located by By.xpath: //a[text()=' ENTER IETM '] (tried for 30 second(s) with 500 milliseconds interval)
Build info: version: '4.8.3', revision: 'b19b418e60'
System info: os.name: 'Windows 10', os.arch: 'amd64', os.version: '10.0', java.version: '17.0.1'
Driver info: org.openqa.selenium.chrome.ChromeDriver
Capabilities {acceptInsecureCerts: false, browserName: chrome, browserVersion: 112.0.5615.138, chrome: {chromedriverVersion: 112.0.5615.49 (bd2a7bcb881c..., userDataDir: C:\Users\vishn\AppData\Loca...}, goog:chromeOptions: {debuggerAddress: localhost:52830}, networkConnectionEnabled: false, pageLoadStrategy: normal, platformName: WINDOWS, proxy: Proxy(), se:cdp: ws://localhost:52830/devtoo..., se:cdpVersion: 112.0.5615.138, setWindowRect: true, strictFileInteractability: false, timeouts: {implicit: 0, pageLoad: 300000, script: 30000}, unhandledPromptBehavior: dismiss and notify, webauthn:extension:credBlob: true, webauthn:extension:largeBlob: true, webauthn:extension:minPinLength: true, webauthn:extension:prf: true, webauthn:virtualAuthenticators: true}
Session ID: fd7f103cd1016aeec5d9244fd984991a
	at org.openqa.selenium.support.ui.WebDriverWait.timeoutException(WebDriverWait.java:87)
	at org.openqa.selenium.support.ui.FluentWait.until(FluentWait.java:231)
	at net.ei.user.stepdefinitions.EI_User_StepDef.user_is_to_click_the_enter_ietm(EI_User_StepDef.java:266)
	at ✽.user is to click the Enter IETM(file:///C:/Users/vishn/GitHub/IETMUser/src/test/java/net/user/features/EnterIETM.feature:62)
]]></failure>
    </testcase>
    <testcase classname="Validate User - Enter IETM" name="Help dropdown button verification" time="11.228">
        <system-out><![CDATA[Given user opens the "Chrome" browser.......................................passed
When user enters the url as "http://ietm.codeandpixels.net/#/"..............passed
Then user is to enter username as "*******".................................passed
Then user is to enter password as "*****"...................................passed
Then user is to click the button "SUBMIT"...................................passed
Then user is to click the "Enter IETM"......................................passed
And user is to click General Information module.............................passed
And user is to click the Help dropdown button...............................passed
And user is to verify About IETM in the dropdown............................passed
And user is to verify How to use IETM? in the dropdown......................passed
And user is to verify Version & Revision History in the dropdown............passed
]]></system-out>
    </testcase>
    <testcase classname="Validate User - Enter IETM" name="Logout button verification" time="12.919">
        <system-out><![CDATA[Given user opens the "Chrome" browser.......................................passed
When user enters the url as "http://ietm.codeandpixels.net/#/"..............passed
Then user is to enter username as "*******".................................passed
Then user is to enter password as "*****"...................................passed
Then user is to click the button "SUBMIT"...................................passed
Then user is to click the "Enter IETM"......................................passed
And user is to click General Information module.............................passed
And user is to click the Logout button......................................passed
And user is to click the Close button.......................................passed
And user is to click the No button..........................................passed
And user is to click the Yes button.........................................passed
]]></system-out>
    </testcase>
</testsuite>
